<?xml version="1.0" encoding="UTF-8"?>
<coverage generated="1600936768868" clover="3.2.0">
    <project timestamp="1600936768868" name="All files">
        <metrics statements="52" coveredstatements="50" conditionals="8" coveredconditionals="6" methods="18"
                 coveredmethods="18" elements="78" coveredelements="74" complexity="0" loc="52" ncloc="52" packages="1"
                 files="1" classes="1"/>
        <file name="hashmap.ts" path="E:\IdeaProjects\mng-easy-util\lib\hashmap.ts">
            <metrics statements="52" coveredstatements="50" conditionals="8" coveredconditionals="6" methods="18"
                     coveredmethods="18"/>
            <line num="9" count="1" type="stmt"/>
            <line num="11" count="10" type="stmt"/>
            <line num="13" count="10" type="stmt"/>
            <line num="15" count="10" type="stmt"/>
            <line num="16" count="19" type="cond" truecount="4" falsecount="0"/>
            <line num="17" count="12" type="stmt"/>
            <line num="20" count="7" type="cond" truecount="1" falsecount="1"/>
            <line num="21" count="0" type="stmt"/>
            <line num="23" count="7" type="stmt"/>
            <line num="27" count="10" type="stmt"/>
            <line num="30" count="1" type="stmt"/>
            <line num="31" count="1" type="stmt"/>
            <line num="34" count="1" type="stmt"/>
            <line num="35" count="2" type="stmt"/>
            <line num="36" count="2" type="stmt"/>
            <line num="37" count="2" type="stmt"/>
            <line num="38" count="2" type="stmt"/>
            <line num="39" count="2" type="stmt"/>
            <line num="44" count="2" type="stmt"/>
            <line num="45" count="1" type="stmt"/>
            <line num="47" count="2" type="stmt"/>
            <line num="49" count="1" type="stmt"/>
            <line num="50" count="3" type="stmt"/>
            <line num="52" count="1" type="stmt"/>
            <line num="53" count="3" type="stmt"/>
            <line num="59" count="1" type="stmt"/>
            <line num="60" count="1" type="stmt"/>
            <line num="61" count="1" type="stmt"/>
            <line num="64" count="1" type="stmt"/>
            <line num="65" count="2" type="stmt"/>
            <line num="66" count="2" type="stmt"/>
            <line num="67" count="2" type="stmt"/>
            <line num="68" count="2" type="stmt"/>
            <line num="69" count="2" type="stmt"/>
            <line num="72" count="1" type="stmt"/>
            <line num="73" count="1" type="stmt"/>
            <line num="75" count="2" type="stmt"/>
            <line num="76" count="2" type="cond" truecount="1" falsecount="1"/>
            <line num="77" count="0" type="stmt"/>
            <line num="79" count="2" type="stmt"/>
            <line num="83" count="1" type="stmt"/>
            <line num="84" count="1" type="stmt"/>
            <line num="87" count="1" type="stmt"/>
            <line num="88" count="2" type="stmt"/>
            <line num="89" count="2" type="stmt"/>
            <line num="92" count="1" type="stmt"/>
            <line num="93" count="12" type="stmt"/>
            <line num="94" count="12" type="stmt"/>
            <line num="95" count="12" type="stmt"/>
            <line num="96" count="12" type="stmt"/>
            <line num="97" count="12" type="stmt"/>
            <line num="100" count="1" type="stmt"/>
        </file>
    </project>
</coverage>
