{"E:\\IdeaProjects\\mng-easy-util\\lib\\hashmap.ts": {"path":"E:\\IdeaProjects\\mng-easy-util\\lib\\hashmap.ts","statementMap":{"0":{"start":{"line":9,"column":0},"end":{"line":9,"column":13}},"1":{"start":{"line":11,"column":12},"end":{"line":11,"column":43}},"2":{"start":{"line":13,"column":12},"end":{"line":13,"column":46}},"3":{"start":{"line":15,"column":21},"end":{"line":24,"column":null}},"4":{"start":{"line":16,"column":8},"end":{"line":18,"column":null}},"5":{"start":{"line":17,"column":12},"end":{"line":17,"column":26}},"6":{"start":{"line":20,"column":8},"end":{"line":22,"column":null}},"7":{"start":{"line":21,"column":12},"end":{"line":21,"column":90}},"8":{"start":{"line":23,"column":8},"end":{"line":23,"column":47}},"9":{"start":{"line":27,"column":8},"end":{"line":27,"column":34}},"10":{"start":{"line":30,"column":4},"end":{"line":32,"column":null}},"11":{"start":{"line":31,"column":8},"end":{"line":31,"column":30}},"12":{"start":{"line":34,"column":4},"end":{"line":48,"column":null}},"13":{"start":{"line":35,"column":28},"end":{"line":35,"column":39}},"14":{"start":{"line":36,"column":30},"end":{"line":36,"column":43}},"15":{"start":{"line":37,"column":8},"end":{"line":47,"column":null}},"16":{"start":{"line":38,"column":12},"end":{"line":43,"column":null}},"17":{"start":{"line":39,"column":16},"end":{"line":42,"column":18}},"18":{"start":{"line":44,"column":12},"end":{"line":46,"column":null}},"19":{"start":{"line":45,"column":16},"end":{"line":45,"column":28}},"20":{"start":{"line":47,"column":8},"end":{"line":47,"column":null}},"21":{"start":{"line":49,"column":4},"end":{"line":51,"column":null}},"22":{"start":{"line":50,"column":8},"end":{"line":50,"column":36}},"23":{"start":{"line":52,"column":4},"end":{"line":54,"column":null}},"24":{"start":{"line":53,"column":8},"end":{"line":53,"column":33}},"25":{"start":{"line":59,"column":4},"end":{"line":62,"column":null}},"26":{"start":{"line":60,"column":8},"end":{"line":60,"column":25}},"27":{"start":{"line":61,"column":8},"end":{"line":61,"column":34}},"28":{"start":{"line":64,"column":4},"end":{"line":70,"column":null}},"29":{"start":{"line":65,"column":25},"end":{"line":65,"column":43}},"30":{"start":{"line":66,"column":8},"end":{"line":66,"column":37}},"31":{"start":{"line":67,"column":27},"end":{"line":67,"column":62}},"32":{"start":{"line":68,"column":8},"end":{"line":68,"column":34}},"33":{"start":{"line":69,"column":8},"end":{"line":69,"column":26}},"34":{"start":{"line":72,"column":4},"end":{"line":81,"column":null}},"35":{"start":{"line":72,"column":4},"end":{"line":72,"column":11}},"36":{"start":{"line":73,"column":8},"end":{"line":80,"column":null}},"37":{"start":{"line":75,"column":32},"end":{"line":75,"column":53}},"38":{"start":{"line":76,"column":12},"end":{"line":78,"column":null}},"39":{"start":{"line":77,"column":16},"end":{"line":77,"column":77}},"40":{"start":{"line":79,"column":12},"end":{"line":79,"column":75}},"41":{"start":{"line":83,"column":4},"end":{"line":85,"column":null}},"42":{"start":{"line":84,"column":8},"end":{"line":84,"column":null}},"43":{"start":{"line":87,"column":4},"end":{"line":90,"column":null}},"44":{"start":{"line":88,"column":25},"end":{"line":88,"column":43}},"45":{"start":{"line":89,"column":8},"end":{"line":89,"column":41}},"46":{"start":{"line":92,"column":4},"end":{"line":98,"column":null}},"47":{"start":{"line":93,"column":25},"end":{"line":93,"column":43}},"48":{"start":{"line":94,"column":8},"end":{"line":94,"column":39}},"49":{"start":{"line":95,"column":8},"end":{"line":95,"column":38}},"50":{"start":{"line":96,"column":8},"end":{"line":96,"column":34}},"51":{"start":{"line":97,"column":8},"end":{"line":97,"column":20}},"52":{"start":{"line":100,"column":0},"end":{"line":100,"column":null}},"53":{"start":{"line":9,"column":13},"end":{"line":9,"column":20}}},"fnMap":{"0":{"name":"(anonymous_0)","decl":{"start":{"line":9,"column":0},"end":{"line":9,"column":13}},"loc":{"start":{"line":9,"column":0},"end":{"line":100,"column":null}}},"1":{"name":"HashMap","decl":{"start":{"line":26,"column":4},"end":{"line":26,"column":null}},"loc":{"start":{"line":26,"column":4},"end":{"line":28,"column":5}}},"2":{"name":"(anonymous_2)","decl":{"start":{"line":15,"column":54},"end":{"line":15,"column":60}},"loc":{"start":{"line":15,"column":60},"end":{"line":24,"column":5}}},"3":{"name":"(anonymous_3)","decl":{"start":{"line":30,"column":4},"end":{"line":30,"column":5}},"loc":{"start":{"line":30,"column":4},"end":{"line":32,"column":5}}},"4":{"name":"(anonymous_4)","decl":{"start":{"line":34,"column":4},"end":{"line":34,"column":11}},"loc":{"start":{"line":34,"column":4},"end":{"line":48,"column":5}}},"5":{"name":"(anonymous_5)","decl":{"start":{"line":37,"column":15},"end":{"line":37,"column":19}},"loc":{"start":{"line":37,"column":15},"end":{"line":47,"column":null}}},"6":{"name":"class_1","decl":{"start":{"line":37,"column":19},"end":{"line":37,"column":null}},"loc":{"start":{"line":37,"column":19},"end":{"line":47,"column":null}}},"7":{"name":"(anonymous_7)","decl":{"start":{"line":38,"column":12},"end":{"line":38,"column":16}},"loc":{"start":{"line":38,"column":12},"end":{"line":43,"column":13}}},"8":{"name":"(anonymous_8)","decl":{"start":{"line":44,"column":12},"end":{"line":44,"column":13}},"loc":{"start":{"line":44,"column":12},"end":{"line":46,"column":13}}},"9":{"name":"(anonymous_9)","decl":{"start":{"line":49,"column":4},"end":{"line":49,"column":8}},"loc":{"start":{"line":49,"column":4},"end":{"line":51,"column":5}}},"10":{"name":"(anonymous_10)","decl":{"start":{"line":52,"column":4},"end":{"line":52,"column":10}},"loc":{"start":{"line":52,"column":4},"end":{"line":54,"column":5}}},"11":{"name":"(anonymous_11)","decl":{"start":{"line":59,"column":4},"end":{"line":59,"column":9}},"loc":{"start":{"line":59,"column":4},"end":{"line":62,"column":5}}},"12":{"name":"(anonymous_12)","decl":{"start":{"line":64,"column":4},"end":{"line":64,"column":10}},"loc":{"start":{"line":64,"column":17},"end":{"line":70,"column":5}}},"13":{"name":"(anonymous_13)","decl":{"start":{"line":72,"column":4},"end":{"line":72,"column":11}},"loc":{"start":{"line":72,"column":81},"end":{"line":81,"column":5}}},"14":{"name":"(anonymous_14)","decl":{"start":{"line":73,"column":25},"end":{"line":73,"column":26}},"loc":{"start":{"line":73,"column":44},"end":{"line":80,"column":9}}},"15":{"name":"(anonymous_15)","decl":{"start":{"line":83,"column":4},"end":{"line":83,"column":7}},"loc":{"start":{"line":83,"column":14},"end":{"line":85,"column":5}}},"16":{"name":"(anonymous_16)","decl":{"start":{"line":87,"column":4},"end":{"line":87,"column":7}},"loc":{"start":{"line":87,"column":14},"end":{"line":90,"column":5}}},"17":{"name":"(anonymous_17)","decl":{"start":{"line":92,"column":4},"end":{"line":92,"column":7}},"loc":{"start":{"line":92,"column":24},"end":{"line":98,"column":5}}}},"branchMap":{"0":{"loc":{"start":{"line":16,"column":8},"end":{"line":18,"column":null}},"type":"if","locations":[{"start":{"line":16,"column":8},"end":{"line":18,"column":null}},{"start":{"line":16,"column":8},"end":{"line":18,"column":null}}]},"1":{"loc":{"start":{"line":16,"column":12},"end":{"line":16,"column":38}},"type":"binary-expr","locations":[{"start":{"line":16,"column":12},"end":{"line":16,"column":38}},{"start":{"line":16,"column":42},"end":{"line":16,"column":68}}]},"2":{"loc":{"start":{"line":20,"column":8},"end":{"line":22,"column":null}},"type":"if","locations":[{"start":{"line":20,"column":8},"end":{"line":22,"column":null}},{"start":{"line":20,"column":8},"end":{"line":22,"column":null}}]},"3":{"loc":{"start":{"line":76,"column":12},"end":{"line":78,"column":null}},"type":"if","locations":[{"start":{"line":76,"column":12},"end":{"line":78,"column":null}},{"start":{"line":76,"column":12},"end":{"line":78,"column":null}}]}},"s":{"0":1,"1":10,"2":10,"3":10,"4":19,"5":12,"6":7,"7":0,"8":7,"9":10,"10":1,"11":1,"12":1,"13":2,"14":2,"15":2,"16":2,"17":2,"18":2,"19":1,"20":2,"21":1,"22":3,"23":1,"24":3,"25":1,"26":1,"27":1,"28":1,"29":2,"30":2,"31":2,"32":2,"33":2,"34":1,"35":1,"36":1,"37":2,"38":2,"39":0,"40":2,"41":1,"42":1,"43":1,"44":2,"45":2,"46":1,"47":12,"48":12,"49":12,"50":12,"51":12,"52":1,"53":1},"f":{"0":1,"1":10,"2":19,"3":1,"4":2,"5":2,"6":2,"7":2,"8":1,"9":3,"10":3,"11":1,"12":2,"13":1,"14":2,"15":1,"16":2,"17":12},"b":{"0":[12,7],"1":[19,7],"2":[0,7],"3":[0,2]}}
}
