TN:
SF:lib\hashmap.ts
FN:9,(anonymous_0)
FN:26,HashMap
FN:15,(anonymous_2)
FN:30,(anonymous_3)
FN:34,(anonymous_4)
FN:37,(anonymous_5)
FN:37,class_1
FN:38,(anonymous_7)
FN:44,(anonymous_8)
FN:49,(anonymous_9)
FN:52,(anonymous_10)
FN:59,(anonymous_11)
FN:64,(anonymous_12)
FN:72,(anonymous_13)
FN:73,(anonymous_14)
FN:83,(anonymous_15)
FN:87,(anonymous_16)
FN:92,(anonymous_17)
FNF:18
FNH:18
FNDA:1,(anonymous_0)
FNDA:10,HashMap
FNDA:19,(anonymous_2)
FNDA:1,(anonymous_3)
FNDA:2,(anonymous_4)
FNDA:2,(anonymous_5)
FNDA:2,class_1
FNDA:2,(anonymous_7)
FNDA:1,(anonymous_8)
FNDA:3,(anonymous_9)
FNDA:3,(anonymous_10)
FNDA:1,(anonymous_11)
FNDA:2,(anonymous_12)
FNDA:1,(anonymous_13)
FNDA:2,(anonymous_14)
FNDA:1,(anonymous_15)
FNDA:2,(anonymous_16)
FNDA:12,(anonymous_17)
DA:9,1
DA:11,10
DA:13,10
DA:15,10
DA:16,19
DA:17,12
DA:20,7
DA:21,0
DA:23,7
DA:27,10
DA:30,1
DA:31,1
DA:34,1
DA:35,2
DA:36,2
DA:37,2
DA:38,2
DA:39,2
DA:44,2
DA:45,1
DA:47,2
DA:49,1
DA:50,3
DA:52,1
DA:53,3
DA:59,1
DA:60,1
DA:61,1
DA:64,1
DA:65,2
DA:66,2
DA:67,2
DA:68,2
DA:69,2
DA:72,1
DA:73,1
DA:75,2
DA:76,2
DA:77,0
DA:79,2
DA:83,1
DA:84,1
DA:87,1
DA:88,2
DA:89,2
DA:92,1
DA:93,12
DA:94,12
DA:95,12
DA:96,12
DA:97,12
DA:100,1
LF:52
LH:50
BRDA:16,0,0,12
BRDA:16,0,1,7
BRDA:16,1,0,19
BRDA:16,1,1,7
BRDA:20,2,0,0
BRDA:20,2,1,7
BRDA:76,3,0,0
BRDA:76,3,1,2
BRF:8
BRH:6
end_of_record
